# JRE version: Java(TM) SE Runtime Environment (19.0.2+7) (build 19.0.2+7-44)
# Java VM: Java HotSpot(TM) 64-Bit Server VM (19.0.2+7-44, mixed mode, sharing, tiered, compressed oops, compressed class ptrs, g1 gc, windows-amd64)
GC Precious Log:
 CardTable entry size: 512
 Card Set container configuration: InlinePtr #cards 5 size 8 Array Of Cards #cards 12 size 40 Howl #buckets 4 coarsen threshold 1843 Howl Bitmap #cards 512 size 80 coarsen threshold 460 Card regions per heap region 1 cards per card region 2048
 CPUs: 4 total, 4 available
 Memory: 4092M
 Large Page Support: Disabled
 NUMA Support: Disabled
 Compressed Oops: Enabled (32-bit)
 Heap Region Size: 1M
 Heap Min Capacity: 8M
 Heap Initial Capacity: 64M
 Heap Max Capacity: 1G
 Pre-touch: Disabled
 Parallel Workers: 4
 Concurrent Workers: 1
 Concurrent Refinement Workers: 4
 Periodic GC: Disabled
Heap:
 garbage-first heap   total 45056K, used 19481K [0x00000000c0000000, 0x0000000100000000)
  region size 1024K, 6 young (6144K), 2 survivors (2048K)
 Metaspace       used 36002K, committed 36544K, reserved 1114112K
  class space    used 4285K, committed 4544K, reserved 1048576K
GC Heap History (14 events):
Event: 2.081 GC heap before
{Heap before GC invocations=0 (full 0):
 garbage-first heap   total 65536K, used 13312K [0x00000000c0000000, 0x0000000100000000)
  region size 1024K, 13 young (13312K), 0 survivors (0K)
 Metaspace       used 4259K, committed 4544K, reserved 1114112K
  class space    used 454K, committed 576K, reserved 1048576K
}
Event: 2.098 GC heap after
{Heap after GC invocations=1 (full 0):
 garbage-first heap   total 65536K, used 3860K [0x00000000c0000000, 0x0000000100000000)
  region size 1024K, 2 young (2048K), 2 survivors (2048K)
 Metaspace       used 4259K, committed 4544K, reserved 1114112K
  class space    used 454K, committed 576K, reserved 1048576K
}
Event: 3.406 GC heap before
{Heap before GC invocations=1 (full 0):
 garbage-first heap   total 65536K, used 18196K [0x00000000c0000000, 0x0000000100000000)
  region size 1024K, 16 young (16384K), 2 survivors (2048K)
 Metaspace       used 8240K, committed 8448K, reserved 1114112K
  class space    used 994K, committed 1088K, reserved 1048576K
}
Event: 3.424 GC heap after
{Heap after GC invocations=2 (full 0):
 garbage-first heap   total 65536K, used 5318K [0x00000000c0000000, 0x0000000100000000)
  region size 1024K, 2 young (2048K), 2 survivors (2048K)
 Metaspace       used 8240K, committed 8448K, reserved 1114112K
  class space    used 994K, committed 1088K, reserved 1048576K
}
Event: 7.132 GC heap before
{Heap before GC invocations=2 (full 0):
 garbage-first heap   total 65536K, used 38086K [0x00000000c0000000, 0x0000000100000000)
  region size 1024K, 35 young (35840K), 2 survivors (2048K)
 Metaspace       used 17078K, committed 17408K, reserved 1114112K
  class space    used 2022K, committed 2176K, reserved 1048576K
}
Event: 7.143 GC heap after
{Heap after GC invocations=3 (full 0):
 garbage-first heap   total 65536K, used 8719K [0x00000000c0000000, 0x0000000100000000)
  region size 1024K, 5 young (5120K), 5 survivors (5120K)
 Metaspace       used 17078K, committed 17408K, reserved 1114112K
  class space    used 2022K, committed 2176K, reserved 1048576K
}
Event: 11.880 GC heap before
{Heap before GC invocations=3 (full 0):
 garbage-first heap   total 65536K, used 34319K [0x00000000c0000000, 0x0000000100000000)
  region size 1024K, 32 young (32768K), 5 survivors (5120K)
 Metaspace       used 21079K, committed 21504K, reserved 1114112K
  class space    used 2519K, committed 2752K, reserved 1048576K
}
Event: 11.900 GC heap after
{Heap after GC invocations=4 (full 0):
 garbage-first heap   total 65536K, used 10878K [0x00000000c0000000, 0x0000000100000000)
  region size 1024K, 3 young (3072K), 3 survivors (3072K)
 Metaspace       used 21079K, committed 21504K, reserved 1114112K
  class space    used 2519K, committed 2752K, reserved 1048576K
}
Event: 13.251 GC heap before
{Heap before GC invocations=5 (full 0):
 garbage-first heap   total 45056K, used 34430K [0x00000000c0000000, 0x0000000100000000)
  region size 1024K, 26 young (26624K), 3 survivors (3072K)
 Metaspace       used 26568K, committed 27072K, reserved 1114112K
  class space    used 3217K, committed 3456K, reserved 1048576K
}
Event: 13.273 GC heap after
{Heap after GC invocations=6 (full 0):
 garbage-first heap   total 45056K, used 13884K [0x00000000c0000000, 0x0000000100000000)
  region size 1024K, 3 young (3072K), 3 survivors (3072K)
 Metaspace       used 26568K, committed 27072K, reserved 1114112K
  class space    used 3217K, committed 3456K, reserved 1048576K
}
Event: 13.316 GC heap before
{Heap before GC invocations=6 (full 0):
 garbage-first heap   total 45056K, used 14908K [0x00000000c0000000, 0x0000000100000000)
  region size 1024K, 4 young (4096K), 3 survivors (3072K)
 Metaspace       used 26685K, committed 27200K, reserved 1114112K
  class space    used 3240K, committed 3456K, reserved 1048576K
}
Event: 13.323 GC heap after
{Heap after GC invocations=7 (full 0):
 garbage-first heap   total 45056K, used 14299K [0x00000000c0000000, 0x0000000100000000)
  region size 1024K, 1 young (1024K), 1 survivors (1024K)
 Metaspace       used 26685K, committed 27200K, reserved 1114112K
  class space    used 3240K, committed 3456K, reserved 1048576K
}
Event: 15.225 GC heap before
{Heap before GC invocations=7 (full 0):
 garbage-first heap   total 45056K, used 29659K [0x00000000c0000000, 0x0000000100000000)
  region size 1024K, 17 young (17408K), 1 survivors (1024K)
 Metaspace       used 34265K, committed 34816K, reserved 1114112K
  class space    used 4087K, committed 4352K, reserved 1048576K
}
Event: 15.230 GC heap after
{Heap after GC invocations=8 (full 0):
 garbage-first heap   total 45056K, used 16160K [0x00000000c0000000, 0x0000000100000000)
  region size 1024K, 3 young (3072K), 3 survivors (3072K)
 Metaspace       used 34265K, committed 34816K, reserved 1114112K
  class space    used 4087K, committed 4352K, reserved 1048576K
}

