# JRE version: Java(TM) SE Runtime Environment (19.0.2+7) (build 19.0.2+7-44)
# Java VM: Java HotSpot(TM) 64-Bit Server VM (19.0.2+7-44, mixed mode, sharing, tiered, compressed oops, compressed class ptrs, g1 gc, windows-amd64)
GC Precious Log:
 CardTable entry size: 512
 Card Set container configuration: InlinePtr #cards 5 size 8 Array Of Cards #cards 12 size 40 Howl #buckets 4 coarsen threshold 1843 Howl Bitmap #cards 512 size 80 coarsen threshold 460 Card regions per heap region 1 cards per card region 2048
 CPUs: 4 total, 4 available
 Memory: 4092M
 Large Page Support: Disabled
 NUMA Support: Disabled
 Compressed Oops: Enabled (32-bit)
 Heap Region Size: 1M
 Heap Min Capacity: 8M
 Heap Initial Capacity: 64M
 Heap Max Capacity: 1G
 Pre-touch: Disabled
 Parallel Workers: 4
 Concurrent Workers: 1
 Concurrent Refinement Workers: 4
 Periodic GC: Disabled
Heap:
 garbage-first heap   total 65536K, used 31261K [0x00000000c0000000, 0x0000000100000000)
  region size 1024K, 28 young (28672K), 5 survivors (5120K)
 Metaspace       used 20006K, committed 20288K, reserved 1114112K
  class space    used 2377K, committed 2496K, reserved 1048576K
GC Heap History (6 events):
Event: 1.776 GC heap before
{Heap before GC invocations=0 (full 0):
 garbage-first heap   total 65536K, used 13312K [0x00000000c0000000, 0x0000000100000000)
  region size 1024K, 13 young (13312K), 0 survivors (0K)
 Metaspace       used 4253K, committed 4480K, reserved 1114112K
  class space    used 452K, committed 576K, reserved 1048576K
}
Event: 1.786 GC heap after
{Heap after GC invocations=1 (full 0):
 garbage-first heap   total 65536K, used 3866K [0x00000000c0000000, 0x0000000100000000)
  region size 1024K, 2 young (2048K), 2 survivors (2048K)
 Metaspace       used 4253K, committed 4480K, reserved 1114112K
  class space    used 452K, committed 576K, reserved 1048576K
}
Event: 2.734 GC heap before
{Heap before GC invocations=1 (full 0):
 garbage-first heap   total 65536K, used 18202K [0x00000000c0000000, 0x0000000100000000)
  region size 1024K, 16 young (16384K), 2 survivors (2048K)
 Metaspace       used 8208K, committed 8448K, reserved 1114112K
  class space    used 993K, committed 1088K, reserved 1048576K
}
Event: 2.752 GC heap after
{Heap after GC invocations=2 (full 0):
 garbage-first heap   total 65536K, used 5405K [0x00000000c0000000, 0x0000000100000000)
  region size 1024K, 2 young (2048K), 2 survivors (2048K)
 Metaspace       used 8208K, committed 8448K, reserved 1114112K
  class space    used 993K, committed 1088K, reserved 1048576K
}
Event: 3.900 GC heap before
{Heap before GC invocations=2 (full 0):
 garbage-first heap   total 65536K, used 38173K [0x00000000c0000000, 0x0000000100000000)
  region size 1024K, 35 young (35840K), 2 survivors (2048K)
 Metaspace       used 17031K, committed 17408K, reserved 1114112K
  class space    used 2024K, committed 2176K, reserved 1048576K
}
Event: 3.912 GC heap after
{Heap after GC invocations=3 (full 0):
 garbage-first heap   total 65536K, used 8733K [0x00000000c0000000, 0x0000000100000000)
  region size 1024K, 5 young (5120K), 5 survivors (5120K)
 Metaspace       used 17031K, committed 17408K, reserved 1114112K
  class space    used 2024K, committed 2176K, reserved 1048576K
}

